<?xml version="1.0" encoding="UTF-8"?>
<testsuite xmlns:xsi="http://www.w3.org/2001/XMLSchema-instance" xsi:noNamespaceSchemaLocation="https://maven.apache.org/surefire/maven-surefire-plugin/xsd/surefire-test-report.xsd" name="com.test.MainTest" time="0.349" tests="3" errors="0" skipped="0" failures="0">
  <properties>
[...]
</properties>
  <testcase name="com.test.MainTest.test1" classname="com.test.MainTest" time="0.345"/>
  <testcase name="com.test.MainTest.test3" classname="com.test.MainTest" time="0.001"/>
  <testcase name="com.test.MainTest.test2" classname="com.test.MainTest" time="0.002"/>
</testsuite>